<?xml version="1.0" encoding="UTF-8"?>
<!-- Generated by org.testng.reporters.JUnitReportReporter -->
<testsuite hostname="DESKTOP-E715U4O" failures="0" tests="1" name="day3.PathAndQueryParameters" time="1.482" errors="0" timestamp="06 Jun 2023 05:53:43 GMT" skipped="0">
  <testcase classname="day3.PathAndQueryParameters" name="pathAndQueryParam" time="1.482"/>
</testsuite> <!-- day3.PathAndQueryParameters -->
