<?xml version="1.0" encoding="UTF-8"?>
<!-- Generated by org.testng.reporters.JUnitReportReporter -->
<testsuite hostname="DESKTOP-E715U4O" failures="0" tests="1" name="day3.CaptureHeaderValues" time="1.964" errors="0" timestamp="06 Jun 2023 08:09:31 GMT" skipped="0">
  <testcase classname="day3.CaptureHeaderValues" name="getHeadersInfo" time="1.964"/>
</testsuite> <!-- day3.CaptureHeaderValues -->
