<?xml version="1.0" encoding="UTF-8"?>
<!-- Generated by org.testng.reporters.JUnitReportReporter -->
<testsuite hostname="DESKTOP-E715U4O" failures="0" tests="4" name="day1.HTTPMethods" time="3.336" errors="0" timestamp="06 Jun 2023 05:36:55 GMT" skipped="0">
  <testcase classname="day1.HTTPMethods" name="geTListOfUsers" time="1.857"/>
  <testcase classname="day1.HTTPMethods" name="createUser" time="0.691"/>
  <testcase classname="day1.HTTPMethods" name="updateUser" time="0.392"/>
  <testcase classname="day1.HTTPMethods" name="deleteUser" time="0.396"/>
</testsuite> <!-- day1.HTTPMethods -->
