<?xml version="1.0" encoding="UTF-8"?>
<!-- Generated by org.testng.reporters.JUnitReportReporter -->
<testsuite hostname="DESKTOP-E715U4O" failures="0" tests="1" name="day3.CaptureCookiesValues" time="1.798" errors="0" timestamp="06 Jun 2023 07:30:47 GMT" skipped="0">
  <testcase classname="day3.CaptureCookiesValues" name="getCookiesInfo" time="1.798"/>
</testsuite> <!-- day3.CaptureCookiesValues -->
